[0mGET / [36m304 [0m42.720 ms - -[0m
[0mGET / [36m304 [0m9.645 ms - -[0m
[0mGET / [36m304 [0m4.190 ms - -[0m
[0mGET / [32m200 [0m7.761 ms - 1275[0m
[0mGET /robots.txt [31m500 [0m5.325 ms - 1049[0m
[0mGET / [32m200 [0m6.766 ms - 1275[0m
[0mGET / [32m200 [0m4.592 ms - 1275[0m
[0mGET / [32m200 [0m7.203 ms - 1275[0m
[0mGET / [32m200 [0m6.740 ms - 1275[0m
[0mGET / [32m200 [0m4.852 ms - 1275[0m
[0mPROPFIND /webdav/ [31m500 [0m1.730 ms - 1049[0m
[0mGET /wordpress/ [31m500 [0m2.709 ms - 1049[0m
[0mGET /robots.txt [31m500 [0m4.886 ms - 1049[0m
[0mGET / [32m200 [0m4.593 ms - 1275[0m
[0mGET / [32m200 [0m5.383 ms - 1275[0m
[0mGET / [32m200 [0m2.870 ms - 1275[0m
[0mGET /robots.txt [31m500 [0m1.123 ms - 1049[0m
[0mGET /robots.txt [31m500 [0m4.354 ms - 1049[0m
[0mGET / [32m200 [0m2.835 ms - 1275[0m
[0mGET / [32m200 [0m14.464 ms - 1275[0m
[0mGET /robots.txt [31m500 [0m4.154 ms - 1049[0m
[0mGET http://testp2.czar.bielawa.pl/testproxy.php [31m500 [0m1.537 ms - 1049[0m
[0mPOST http://check.proxyradar.com/azenv.php?auth=145510632095&a=PSCMN&i=2680902773&p=80 [31m500 [0m32.414 ms - 1049[0m
[0mGET /robots.txt [31m500 [0m1.753 ms - 1049[0m
[0mGET /robots.txt [31m500 [0m2.356 ms - 1049[0m
[0mGET / [32m200 [0m7.611 ms - 1275[0m
[0mGET / [32m200 [0m3.098 ms - 1275[0m
[0mGET / [32m200 [0m7.565 ms - 1275[0m
[0mGET / [32m200 [0m9.355 ms - 1275[0m
[0mGET / [32m200 [0m5.121 ms - 1275[0m
[0mGET / [32m200 [0m16.125 ms - 1275[0m
[0mGET /robots.txt [31m500 [0m2.325 ms - 1049[0m
[0mGET / [32m200 [0m4.260 ms - 1275[0m
[0mGET / [32m200 [0m6.113 ms - 1275[0m
[0mGET / [32m200 [0m5.484 ms - 1275[0m
[0mGET / [32m200 [0m14.230 ms - 1275[0m
[0mGET / [32m200 [0m4.280 ms - 1275[0m
[0mGET / [32m200 [0m3.612 ms - 1275[0m
[0mPOST http://check.proxyradar.com/azenv.php?auth=145512339533&a=PSCMN&i=2680902773&p=80 [31m500 [0m4.327 ms - 1049[0m
[0mGET / [36m304 [0m7.447 ms - -[0m
[0mGET / [36m304 [0m5.117 ms - -[0m
[0mGET /robots.txt [31m500 [0m3.173 ms - 1049[0m
[0mGET / [36m304 [0m3.077 ms - -[0m
[0mGET /favicon.ico [31m500 [0m1.160 ms - 1049[0m
[0mGET / [36m304 [0m9.830 ms - -[0m
[0mGET /favicon.ico [31m500 [0m0.996 ms - 1049[0m
